<?xml version="1.0" encoding="UTF-8"?>
<testng-results ignored="0" total="2" passed="2" failed="0" skipped="0">
  <reporter-output>
  </reporter-output>
  <suite started-at="2022-03-27T09:49:20 IST" name="Default suite" finished-at="2022-03-27T09:49:20 IST" duration-ms="72">
    <groups>
    </groups>
    <test started-at="2022-03-27T09:49:20 IST" name="Default test" finished-at="2022-03-27T09:49:20 IST" duration-ms="72">
      <class name="junits.AnnotaionsExample">
        <test-method signature="addTest1()[pri:0, instance:junits.AnnotaionsExample@3527942a]" started-at="2022-03-27T09:49:20 IST" name="addTest1" finished-at="2022-03-27T09:49:20 IST" duration-ms="20" status="PASS">
          <reporter-output>
          </reporter-output>
        </test-method> <!-- addTest1 -->
        <test-method signature="addTest2()[pri:0, instance:junits.AnnotaionsExample@3527942a]" started-at="2022-03-27T09:49:20 IST" name="addTest2" finished-at="2022-03-27T09:49:20 IST" duration-ms="1" status="PASS">
          <reporter-output>
          </reporter-output>
        </test-method> <!-- addTest2 -->
      </class> <!-- junits.AnnotaionsExample -->
    </test> <!-- Default test -->
  </suite> <!-- Default suite -->
</testng-results>
